<?xml version="1.0" encoding="UTF-8"?>
<!-- Generated by org.testng.reporters.JUnitReportReporter -->
<testsuite skipped="0" hostname="8f6ab0cd7c64" name="com.searchmodule.tests.SearchTest" tests="4" failures="0" timestamp="2020-05-20T22:55:58 GMT" time="34.240" errors="0">
  <testcase name="search" time="7.300" classname="com.searchmodule.tests.SearchTest"/>
  <testcase name="search" time="5.615" classname="com.searchmodule.tests.SearchTest"/>
  <testcase name="search" time="12.327" classname="com.searchmodule.tests.SearchTest"/>
  <testcase name="search" time="8.998" classname="com.searchmodule.tests.SearchTest"/>
</testsuite> <!-- com.searchmodule.tests.SearchTest -->
