<?xml version="1.0" encoding="UTF-8"?>
<!-- Generated by org.testng.reporters.JUnitReportReporter -->
<testsuite skipped="0" hostname="2e1dbd8744e4" name="com.searchmodule.tests.SearchTest" tests="4" failures="0" timestamp="2020-05-20T15:59:18 GMT" time="13.910" errors="0">
  <testcase name="search" time="4.107" classname="com.searchmodule.tests.SearchTest"/>
  <testcase name="search" time="3.316" classname="com.searchmodule.tests.SearchTest"/>
  <testcase name="search" time="3.132" classname="com.searchmodule.tests.SearchTest"/>
  <testcase name="search" time="3.355" classname="com.searchmodule.tests.SearchTest"/>
</testsuite> <!-- com.searchmodule.tests.SearchTest -->
