<?xml version="1.0" encoding="UTF-8"?>
<!-- Generated by org.testng.reporters.JUnitReportReporter -->
<testsuite skipped="0" hostname="8505510adfec" name="com.searchmodule.tests.SearchTest" tests="4" failures="0" timestamp="2020-05-20T22:55:45 GMT" time="39.803" errors="0">
  <testcase name="search" time="13.925" classname="com.searchmodule.tests.SearchTest"/>
  <testcase name="search" time="8.731" classname="com.searchmodule.tests.SearchTest"/>
  <testcase name="search" time="7.625" classname="com.searchmodule.tests.SearchTest"/>
  <testcase name="search" time="9.522" classname="com.searchmodule.tests.SearchTest"/>
</testsuite> <!-- com.searchmodule.tests.SearchTest -->
